#
# A fatal error has been detected by the Java Runtime Environment:
#
#  EXCEPTION_ACCESS_VIOLATION (0xc0000005) at pc=0x00000000027a86eb, pid=15388, tid=0x0000000000002d24
#
# JRE version: OpenJDK Runtime Environment (8.0) (build 1.8.0-adoptopenjdk-_2018_05_19_00_59-b00)
# Java VM: OpenJDK 64-Bit Server VM (25.71-b00 mixed mode windows-amd64 compressed oops)
# Problematic frame:
# j  sun.security.ssl.SSLAlgorithmDecomposer.decomposes(Lsun/security/ssl/CipherSuite$KeyExchange;)Ljava/util/Set;+318
#
# Failed to write core dump. Minidumps are not enabled by default on client versions of Windows
#
# If you would like to submit a bug report, please visit:
#   http://bugreport.java.com/bugreport/crash.jsp
#

---------------  T H R E A D  ---------------

Current thread (0x0000000002684800):  JavaThread "main" [_thread_in_Java, id=11556, stack(0x0000000002580000,0x0000000002680000)]

siginfo: ExceptionCode=0xc0000005, reading address 0x0000000105182334

Registers:
RAX=0x00000000174ea77e, RBX=0x00000000174ea77e, RCX=0x0000000000000018, RDX=0x00000000d67ad428
RSP=0x000000000267d4d0, RBP=0x000000000267d510, RSI=0x0000000000000148, RDI=0x00000000000000c4
R8 =0x0000000000000001, R9 =0x00000000d59c0468, R10=0x000000006bb5bba0, R11=0x0000000000000000
R12=0x0000000000000000, R13=0x00000000174ea785, R14=0x000000000267d530, R15=0x0000000002684800
RIP=0x00000000027a86eb, EFLAGS=0x0000000000010203

Top of Stack: (sp=0x000000000267d4d0)
0x000000000267d4d0:   000000000267d4d0 00000000174ea77e
0x000000000267d4e0:   000000000267d530 00000000174eae18
0x000000000267d4f0:   0000000000000000 00000000174ea8d0
0x000000000267d500:   0000000000000000 000000000267d528
0x000000000267d510:   000000000267d580 0000000002787e20
0x000000000267d520:   00000000d67ad428 00000000d677cf68
0x000000000267d530:   00000000d675d348 00000000d67ad3e8
0x000000000267d540:   000000000267d540 00000000174eac59
0x000000000267d550:   000000000267d5b0 00000000174eae18
0x000000000267d560:   0000000000000000 00000000174eaca8
0x000000000267d570:   000000000267d528 000000000267d598
0x000000000267d580:   000000000267d5f8 0000000002787e20
0x000000000267d590:   00000000d67ad3e8 00000000d677c9e0
0x000000000267d5a0:   00000000d677be28 00000000d677cf68
0x000000000267d5b0:   00000000d675d348 000000000267d5b8
0x000000000267d5c0:   00000000174ead5e 000000000267d620 

Instructions: (pc=0x00000000027a86eb)
0x00000000027a86cb:   01 00 00 00 50 41 0f b6 5d 01 48 f7 db 41 8b 04
0x00000000027a86db:   de 5a 48 63 c0 3b 42 0c 8b d8 0f 83 75 ad fe ff
0x00000000027a86eb:   0f b7 44 42 10 41 0f b6 5d 03 49 83 c5 03 49 ba
0x00000000027a86fb:   a0 9b b5 6b 00 00 00 00 41 ff 24 da 90 00 00 00 


Register to memory mapping:

RAX=0x00000000174ea77e is pointing into metadata
RBX=0x00000000174ea77e is pointing into metadata
RCX=0x0000000000000018 is an unknown value
RDX=0x00000000d67ad428 is an oop
java.util.HashSet 
 - klass: 'java/util/HashSet'
RSP=0x000000000267d4d0 is pointing into the stack for thread: 0x0000000002684800
RBP=0x000000000267d510 is pointing into the stack for thread: 0x0000000002684800
RSI=0x0000000000000148 is an unknown value
RDI=0x00000000000000c4 is an unknown value
R8 =0x0000000000000001 is an unknown value
R9 =0x00000000d59c0468 is an oop
java.lang.String 
 - klass: 'java/lang/String'
R10=0x000000006bb5bba0 is an unknown value
R11=0x0000000000000000 is an unknown value
R12=0x0000000000000000 is an unknown value
R13=0x00000000174ea785 is pointing into metadata
R14=0x000000000267d530 is pointing into the stack for thread: 0x0000000002684800
R15=0x0000000002684800 is a thread


Stack: [0x0000000002580000,0x0000000002680000],  sp=0x000000000267d4d0,  free space=1013k
Native frames: (J=compiled Java code, j=interpreted, Vv=VM code, C=native code)
C  0x00000000027a86eb


---------------  P R O C E S S  ---------------

Java Threads: ( => current thread )
  0x000000001975a000 JavaThread "Service Thread" daemon [_thread_blocked, id=17880, stack(0x000000001a280000,0x000000001a380000)]
  0x00000000196be800 JavaThread "C1 CompilerThread3" daemon [_thread_blocked, id=18424, stack(0x000000001a180000,0x000000001a280000)]
  0x00000000196ba000 JavaThread "C2 CompilerThread2" daemon [_thread_blocked, id=11708, stack(0x000000001a080000,0x000000001a180000)]
  0x00000000196bd000 JavaThread "C2 CompilerThread1" daemon [_thread_blocked, id=18368, stack(0x0000000019f80000,0x000000001a080000)]
  0x00000000196b5800 JavaThread "C2 CompilerThread0" daemon [_thread_blocked, id=14464, stack(0x0000000019e80000,0x0000000019f80000)]
  0x00000000196b1000 JavaThread "Attach Listener" daemon [_thread_blocked, id=17544, stack(0x0000000019d80000,0x0000000019e80000)]
  0x00000000196b0000 JavaThread "Signal Dispatcher" daemon [_thread_blocked, id=14184, stack(0x0000000019c80000,0x0000000019d80000)]
  0x00000000196a0800 JavaThread "Finalizer" daemon [_thread_blocked, id=17536, stack(0x0000000019a80000,0x0000000019b80000)]
  0x000000000277c000 JavaThread "Reference Handler" daemon [_thread_blocked, id=15272, stack(0x0000000019580000,0x0000000019680000)]
=>0x0000000002684800 JavaThread "main" [_thread_in_Java, id=11556, stack(0x0000000002580000,0x0000000002680000)]

Other Threads:
  0x0000000017796000 VMThread [stack: 0x0000000019480000,0x0000000019580000] [id=692]
  0x0000000019764000 WatcherThread [stack: 0x000000001a380000,0x000000001a480000] [id=14308]

VM state:not at safepoint (normal execution)

VM Mutex/Monitor currently owned by a thread: None

Heap:
 PSYoungGen      total 38400K, used 16660K [0x00000000d5800000, 0x00000000d8280000, 0x0000000100000000)
  eden space 33280K, 50% used [0x00000000d5800000,0x00000000d6845368,0x00000000d7880000)
  from space 5120K, 0% used [0x00000000d7d80000,0x00000000d7d80000,0x00000000d8280000)
  to   space 5120K, 0% used [0x00000000d7880000,0x00000000d7880000,0x00000000d7d80000)
 ParOldGen       total 87552K, used 0K [0x0000000080800000, 0x0000000085d80000, 0x00000000d5800000)
  object space 87552K, 0% used [0x0000000080800000,0x0000000080800000,0x0000000085d80000)
 Metaspace       used 8648K, capacity 8814K, committed 9088K, reserved 1056768K
  class space    used 1025K, capacity 1085K, committed 1152K, reserved 1048576K

Card table byte_map: [0x0000000011b40000,0x0000000011f40000] byte_map_base: 0x000000001173c000

Marking Bits: (ParMarkBitMap*) 0x000000006bb6be50
 Begin Bits: [0x00000000129f0000, 0x00000000149d0000)
 End Bits:   [0x00000000149d0000, 0x00000000169b0000)

Polling page: 0x0000000000760000

CodeCache: size=245760Kb used=2908Kb max_used=2908Kb free=242851Kb
 bounds [0x0000000002780000, 0x0000000002a60000, 0x0000000011780000]
 total_blobs=1079 nmethods=730 adapters=264
 compilation: enabled

Compilation events (10 events):
Event: 4.467 Thread 0x00000000196be800  726       3       java.util.ArrayDeque::poll (5 bytes)
Event: 4.467 Thread 0x00000000196be800 nmethod 726 0x0000000002a56c50 code [0x0000000002a56dc0, 0x0000000002a56f68]
Event: 4.468 Thread 0x00000000196be800  727       3       java.util.ArrayDeque::pollFirst (42 bytes)
Event: 4.468 Thread 0x00000000196be800 nmethod 727 0x0000000002a57010 code [0x0000000002a57180, 0x0000000002a574b0]
Event: 4.612 Thread 0x00000000196be800  728       3       java.util.zip.ZipFile::access$1100 (5 bytes)
Event: 4.613 Thread 0x00000000196be800 nmethod 728 0x0000000002a57610 code [0x0000000002a57780, 0x0000000002a578e8]
Event: 4.613 Thread 0x00000000196be800  729       3       java.util.zip.ZipFile::access$1200 (5 bytes)
Event: 4.613 Thread 0x00000000196be800 nmethod 729 0x0000000002a57990 code [0x0000000002a57b00, 0x0000000002a57c68]
Event: 4.614 Thread 0x00000000196be800  730       3       java.util.HashMap$HashIterator::<init> (79 bytes)
Event: 4.614 Thread 0x00000000196be800 nmethod 730 0x0000000002a57d10 code [0x0000000002a57e80, 0x0000000002a58210]

GC Heap History (0 events):
No events

Deoptimization events (6 events):
Event: 3.352 Thread 0x0000000002684800 Uncommon trap: reason=unstable_if action=reinterpret pc=0x0000000002951ca8 method=java.lang.String.indexOf([CII[CIII)I @ 3
Event: 3.889 Thread 0x0000000002684800 Uncommon trap: reason=unstable_if action=reinterpret pc=0x0000000002996e64 method=sun.misc.MetaIndex.mayContain(Ljava/lang/String;)Z @ 13
Event: 3.941 Thread 0x0000000002684800 Uncommon trap: reason=bimorphic action=maybe_recompile pc=0x00000000029f9d64 method=java.util.regex.Pattern$Start.match(Ljava/util/regex/Matcher;ILjava/lang/CharSequence;)Z @ 44
Event: 3.941 Thread 0x0000000002684800 Uncommon trap: reason=bimorphic action=maybe_recompile pc=0x00000000029f9d64 method=java.util.regex.Pattern$Start.match(Ljava/util/regex/Matcher;ILjava/lang/CharSequence;)Z @ 44
Event: 3.941 Thread 0x0000000002684800 Uncommon trap: reason=unstable_if action=reinterpret pc=0x00000000029f9dcc method=java.util.regex.Pattern$BmpCharProperty.match(Ljava/util/regex/Matcher;ILjava/lang/CharSequence;)Z @ 34
Event: 3.941 Thread 0x0000000002684800 Uncommon trap: reason=unstable_if action=reinterpret pc=0x00000000029d59d4 method=java.util.regex.Pattern$BmpCharProperty.match(Ljava/util/regex/Matcher;ILjava/lang/CharSequence;)Z @ 34

Classes redefined (0 events):
No events

Internal exceptions (10 events):
Event: 3.744 Thread 0x0000000002684800 Exception <a 'sun/nio/fs/WindowsException'> (0x00000000d6612750) thrown at [C:\Users\jenkins\workspace\openjdk8_build_x86-64_windows\openjdk\hotspot\src\share\vm\prims\jni.cpp, line 709]
Event: 3.744 Thread 0x0000000002684800 Exception <a 'sun/nio/fs/WindowsException'> (0x00000000d6612e90) thrown at [C:\Users\jenkins\workspace\openjdk8_build_x86-64_windows\openjdk\hotspot\src\share\vm\prims\jni.cpp, line 709]
Event: 3.744 Thread 0x0000000002684800 Exception <a 'sun/nio/fs/WindowsException'> (0x00000000d6613920) thrown at [C:\Users\jenkins\workspace\openjdk8_build_x86-64_windows\openjdk\hotspot\src\share\vm\prims\jni.cpp, line 709]
Event: 3.744 Thread 0x0000000002684800 Exception <a 'sun/nio/fs/WindowsException'> (0x00000000d6613fd0) thrown at [C:\Users\jenkins\workspace\openjdk8_build_x86-64_windows\openjdk\hotspot\src\share\vm\prims\jni.cpp, line 709]
Event: 3.889 Thread 0x0000000002684800 Exception <a 'java/security/PrivilegedActionException'> (0x00000000d666ba68) thrown at [C:\Users\jenkins\workspace\openjdk8_build_x86-64_windows\openjdk\hotspot\src\share\vm\prims\jvm.cpp, line 1435]
Event: 3.889 Thread 0x0000000002684800 Exception <a 'java/security/PrivilegedActionException'> (0x00000000d666be60) thrown at [C:\Users\jenkins\workspace\openjdk8_build_x86-64_windows\openjdk\hotspot\src\share\vm\prims\jvm.cpp, line 1435]
Event: 3.890 Thread 0x0000000002684800 Exception <a 'java/security/PrivilegedActionException'> (0x00000000d6671548) thrown at [C:\Users\jenkins\workspace\openjdk8_build_x86-64_windows\openjdk\hotspot\src\share\vm\prims\jvm.cpp, line 1435]
Event: 3.890 Thread 0x0000000002684800 Exception <a 'java/security/PrivilegedActionException'> (0x00000000d6671940) thrown at [C:\Users\jenkins\workspace\openjdk8_build_x86-64_windows\openjdk\hotspot\src\share\vm\prims\jvm.cpp, line 1435]
Event: 3.890 Thread 0x0000000002684800 Exception <a 'java/security/PrivilegedActionException'> (0x00000000d6673850) thrown at [C:\Users\jenkins\workspace\openjdk8_build_x86-64_windows\openjdk\hotspot\src\share\vm\prims\jvm.cpp, line 1435]
Event: 3.890 Thread 0x0000000002684800 Exception <a 'java/security/PrivilegedActionException'> (0x00000000d6673c48) thrown at [C:\Users\jenkins\workspace\openjdk8_build_x86-64_windows\openjdk\hotspot\src\share\vm\prims\jvm.cpp, line 1435]

Events (10 events):
Event: 4.612 loading class sun/security/ec/ECParameters
Event: 4.612 loading class sun/security/ec/ECParameters done
Event: 4.613 loading class java/security/spec/InvalidParameterSpecException
Event: 4.613 loading class java/security/spec/InvalidParameterSpecException done
Event: 4.613 loading class sun/security/util/ECKeySizeParameterSpec
Event: 4.613 loading class sun/security/util/ECKeySizeParameterSpec done
Event: 4.613 loading class java/security/spec/ECGenParameterSpec
Event: 4.613 loading class java/security/spec/ECGenParameterSpec done
Event: 4.613 loading class java/security/KeyPairGenerator$Delegate
Event: 4.613 loading class java/security/KeyPairGenerator$Delegate done


Dynamic libraries:
0x00007ff65abc0000 - 0x00007ff65abf5000 	C:\Program Files\Unity\Hub\Editor\2021.2.3f1\Editor\Data\PlaybackEngines\AndroidPlayer\OpenJDK\bin\java.exe
0x00007ff9172b0000 - 0x00007ff9174a5000 	C:\Windows\SYSTEM32\ntdll.dll
0x00007ff916840000 - 0x00007ff9168fe000 	C:\Windows\System32\KERNEL32.DLL
0x00007ff914f10000 - 0x00007ff9151d8000 	C:\Windows\System32\KERNELBASE.dll
0x00007ff917060000 - 0x00007ff91710c000 	C:\Windows\System32\ADVAPI32.dll
0x00007ff9171b0000 - 0x00007ff91724e000 	C:\Windows\System32\msvcrt.dll
0x00007ff917110000 - 0x00007ff9171ab000 	C:\Windows\System32\sechost.dll
0x00007ff916f30000 - 0x00007ff91705a000 	C:\Windows\System32\RPCRT4.dll
0x00007ff916900000 - 0x00007ff916aa1000 	C:\Windows\System32\USER32.dll
0x00007ff914d20000 - 0x00007ff914d42000 	C:\Windows\System32\win32u.dll
0x00007ff9165a0000 - 0x00007ff9165cb000 	C:\Windows\System32\GDI32.dll
0x00007ff914e00000 - 0x00007ff914f0d000 	C:\Windows\System32\gdi32full.dll
0x00007ff914c80000 - 0x00007ff914d1d000 	C:\Windows\System32\msvcp_win.dll
0x00007ff914b80000 - 0x00007ff914c80000 	C:\Windows\System32\ucrtbase.dll
0x00007ff901300000 - 0x00007ff90159a000 	C:\Windows\WinSxS\amd64_microsoft.windows.common-controls_6595b64144ccf1df_6.0.19041.1110_none_60b5254171f9507e\COMCTL32.dll
0x00007ff9156a0000 - 0x00007ff9156d0000 	C:\Windows\System32\IMM32.DLL
0x000000006bbf0000 - 0x000000006bcc2000 	C:\Program Files\Unity\Hub\Editor\2021.2.3f1\Editor\Data\PlaybackEngines\AndroidPlayer\OpenJDK\jre\bin\msvcr100.dll
0x000000006b3a0000 - 0x000000006bbe9000 	C:\Program Files\Unity\Hub\Editor\2021.2.3f1\Editor\Data\PlaybackEngines\AndroidPlayer\OpenJDK\jre\bin\server\jvm.dll
0x00007ff916700000 - 0x00007ff916708000 	C:\Windows\System32\PSAPI.DLL
0x00007ff9117e0000 - 0x00007ff9117ea000 	C:\Windows\SYSTEM32\VERSION.dll
0x00007ff9054c0000 - 0x00007ff9054e7000 	C:\Windows\SYSTEM32\WINMM.dll
0x00007ff9125f0000 - 0x00007ff9125f9000 	C:\Windows\SYSTEM32\WSOCK32.dll
0x00007ff916530000 - 0x00007ff91659b000 	C:\Windows\System32\WS2_32.dll
0x00007ff8f1930000 - 0x00007ff8f193f000 	C:\Program Files\Unity\Hub\Editor\2021.2.3f1\Editor\Data\PlaybackEngines\AndroidPlayer\OpenJDK\jre\bin\verify.dll
0x00007ff8d6ed0000 - 0x00007ff8d6ef9000 	C:\Program Files\Unity\Hub\Editor\2021.2.3f1\Editor\Data\PlaybackEngines\AndroidPlayer\OpenJDK\jre\bin\java.dll
0x00007ff8ed630000 - 0x00007ff8ed646000 	C:\Program Files\Unity\Hub\Editor\2021.2.3f1\Editor\Data\PlaybackEngines\AndroidPlayer\OpenJDK\jre\bin\zip.dll
0x00007ff9157a0000 - 0x00007ff915ee4000 	C:\Windows\System32\SHELL32.dll
0x00007ff911cf0000 - 0x00007ff912484000 	C:\Windows\SYSTEM32\windows.storage.dll
0x00007ff915fa0000 - 0x00007ff9162f5000 	C:\Windows\System32\combase.dll
0x00007ff913f60000 - 0x00007ff913f8e000 	C:\Windows\SYSTEM32\Wldp.dll
0x00007ff915ef0000 - 0x00007ff915f9d000 	C:\Windows\System32\SHCORE.dll
0x00007ff915520000 - 0x00007ff915575000 	C:\Windows\System32\shlwapi.dll
0x00007ff914900000 - 0x00007ff91491f000 	C:\Windows\SYSTEM32\profapi.dll
0x00007ff8eb4a0000 - 0x00007ff8eb4ba000 	C:\Program Files\Unity\Hub\Editor\2021.2.3f1\Editor\Data\PlaybackEngines\AndroidPlayer\OpenJDK\jre\bin\net.dll
0x00007ff913a40000 - 0x00007ff913aaa000 	C:\Windows\system32\mswsock.dll
0x00007ff8d6eb0000 - 0x00007ff8d6ec1000 	C:\Program Files\Unity\Hub\Editor\2021.2.3f1\Editor\Data\PlaybackEngines\AndroidPlayer\OpenJDK\jre\bin\nio.dll
0x00007ff8d69a0000 - 0x00007ff8d69c4000 	C:\Program Files\Unity\Hub\Editor\2021.2.3f1\Editor\Data\PlaybackEngines\AndroidPlayer\OpenJDK\jre\bin\sunec.dll
0x00007ff914360000 - 0x00007ff914544000 	C:\Windows\SYSTEM32\dbghelp.dll
0x00007ff915260000 - 0x00007ff9152e2000 	C:\Windows\System32\bcryptPrimitives.dll

VM Arguments:
jvm_args: -Dfile.encoding=UTF-8 -Dcom.android.sdklib.toolsdir=C:\Program Files\Unity\Hub\Editor\2021.2.3f1\Editor\Data\PlaybackEngines\AndroidPlayer\SDK\tools\bin\\.. 
java_command: com.android.sdklib.tool.sdkmanager.SdkManagerCli --list
java_class_path (initial): C:\Program Files\Unity\Hub\Editor\2021.2.3f1\Editor\Data\PlaybackEngines\AndroidPlayer\SDK\tools\bin\..\lib\dvlib-26.0.0-dev.jar;C:\Program Files\Unity\Hub\Editor\2021.2.3f1\Editor\Data\PlaybackEngines\AndroidPlayer\SDK\tools\bin\..\lib\jimfs-1.1.jar;C:\Program Files\Unity\Hub\Editor\2021.2.3f1\Editor\Data\PlaybackEngines\AndroidPlayer\SDK\tools\bin\..\lib\jsr305-1.3.9.jar;C:\Program Files\Unity\Hub\Editor\2021.2.3f1\Editor\Data\PlaybackEngines\AndroidPlayer\SDK\tools\bin\..\lib\repository-26.0.0-dev.jar;C:\Program Files\Unity\Hub\Editor\2021.2.3f1\Editor\Data\PlaybackEngines\AndroidPlayer\SDK\tools\bin\..\lib\j2objc-annotations-1.1.jar;C:\Program Files\Unity\Hub\Editor\2021.2.3f1\Editor\Data\PlaybackEngines\AndroidPlayer\SDK\tools\bin\..\lib\layoutlib-api-26.0.0-dev.jar;C:\Program Files\Unity\Hub\Editor\2021.2.3f1\Editor\Data\PlaybackEngines\AndroidPlayer\SDK\tools\bin\..\lib\gson-2.3.jar;C:\Program Files\Unity\Hub\Editor\2021.2.3f1\Editor\Data\PlaybackEngines\AndroidPlayer\SDK\tools\bin\..\lib\httpcore-4.2.5.jar;C:\Program Files\Unity\Hub\Editor\2021.2.3f1\Editor\Data\PlaybackEngines\AndroidPlayer\SDK\tools\bin\..\lib\commons-logging-1.1.1.jar;C:\Program Files\Unity\Hub\Editor\2021.2.3f1\Editor\Data\PlaybackEngines\AndroidPlayer\SDK\tools\bin\..\lib\commons-compress-1.12.jar;C:\Program Files\Unity\Hub\Editor\2021.2.3f1\Editor\Data\PlaybackEngines\AndroidPlayer\SDK\tools\bin\..\lib\annotations-26.0.0-dev.jar;C:\Program Files\Unity\Hub\Editor\2021.2.3f1\Editor\Data\PlaybackEngines\AndroidPlayer\SDK\tools\bin\..\lib\error_prone_annotations-2.0.18.jar;C:\Program Files\Unity\Hub\Editor\2021.2.3f1\Editor\Data\PlaybackEngines\AndroidPlayer\SDK\tools\bin\..\lib\animal-sniffer-annotations-1.14.jar;C:\Program Files\Unity\Hub\Editor\2021.2.3f1\Editor\Data\PlaybackEngines\AndroidPlayer\SDK\tools\bin\..\lib\httpclient-4.2.6.jar;C:\Program Files\Unity\Hub\Editor\2021.2.3f1\Editor\Data\PlaybackEngines\AndroidPlayer\SDK\tools\bin\..\lib\commons-codec-
Launcher Type: SUN_STANDARD

Environment Variables:
JAVA_HOME=C:\Program Files\Unity\Hub\Editor\2021.2.3f1\Editor\Data\PlaybackEngines\AndroidPlayer\OpenJDK
JAVA_TOOL_OPTIONS=-Dfile.encoding=UTF-8
PATH=C:\Windows\system32;C:\Windows;C:\Windows\System32\Wbem;C:\Windows\System32\WindowsPowerShell\v1.0\;C:\Windows\System32\OpenSSH\;C:\Program Files (x86)\NVIDIA Corporation\PhysX\Common;C:\Program Files\NVIDIA Corporation\NVIDIA NvDLISR;C:\Users\Nour\AppData\Local\Microsoft\WindowsApps;C:\Users\Nour\AppData\Local\GitHubDesktop\bin;X:\External Software\Programs\flutter\bin;
USERNAME=Nour
OS=Windows_NT
PROCESSOR_IDENTIFIER=AMD64 Family 21 Model 2 Stepping 0, AuthenticAMD



---------------  S Y S T E M  ---------------

OS: Windows 10.0 , 64 bit Build 19041 (10.0.19041.1348)

CPU:total 8 (initial active 8) (8 cores per cpu, 1 threads per core) family 21 model 2 stepping 0, cmov, cx8, fxsr, mmx, sse, sse2, sse3, ssse3, sse4.1, sse4.2, popcnt, avx, aes, clmul, mmxext, 3dnowpref, lzcnt, sse4a, tsc, tscinvbit, tscinv, bmi1

Memory: 4k page, physical 8353732k(962976k free), swap 16404404k(3902496k free)

vm_info: OpenJDK 64-Bit Server VM (25.71-b00) for windows-amd64 JRE (1.8.0-adoptopenjdk-_2018_05_19_00_59-b00), built on May 19 2018 01:02:12 by "jenkins" with MS VC++ 10.0 (VS2010)

time: Sat Jan 08 13:30:19 2022
elapsed time: 4 seconds (0d 0h 0m 4s)

